#
# There is insufficient memory for the Java Runtime Environment to continue.
# Native memory allocation (malloc) failed to allocate 1037296 bytes for Chunk::new
# Possible reasons:
#   The system is out of physical RAM or swap space
#   The process is running with CompressedOops enabled, and the Java Heap may be blocking the growth of the native heap
# Possible solutions:
#   Reduce memory load on the system
#   Increase physical memory or swap space
#   Check if swap backing store is full
#   Decrease Java heap size (-Xmx/-Xms)
#   Decrease number of Java threads
#   Decrease Java thread stack sizes (-Xss)
#   Set larger code cache with -XX:ReservedCodeCacheSize=
#   JVM is running with Unscaled Compressed Oops mode in which the Java heap is
#     placed in the first 4GB address space. The Java Heap base address is the
#     maximum limit for the native heap growth. Please use -XX:HeapBaseMinAddress
#     to set the Java Heap base and to place the Java Heap above 4GB virtual address.
# This output file may be truncated or incomplete.
#
#  Out of Memory Error (allocation.cpp:389), pid=1044, tid=0x0000000000003c8c
#
# JRE version: OpenJDK Runtime Environment (8.0_242-b01) (build 1.8.0_242-release-1644-b01)
# Java VM: OpenJDK 64-Bit Server VM (25.242-b01 mixed mode windows-amd64 compressed oops)
# Failed to write core dump. Minidumps are not enabled by default on client versions of Windows
#

---------------  T H R E A D  ---------------

Current thread (0x0000000019ccc000):  JavaThread "C2 CompilerThread2" daemon [_thread_in_native, id=15500, stack(0x000000001a790000,0x000000001a890000)]

Stack: [0x000000001a790000,0x000000001a890000]
[error occurred during error reporting (printing stack bounds), id 0xc0000005]

Native frames: (J=compiled Java code, j=interpreted, Vv=VM code, C=native code)


Current CompileTask:
C2:  23357 14422       4       com.android.tools.r8.dex.n::e (654 bytes)


---------------  P R O C E S S  ---------------

Java Threads: ( => current thread )
  0x000000001f7ba000 JavaThread "ForkJoinPool-1-worker-0" daemon [_thread_blocked, id=11188, stack(0x0000000032690000,0x0000000032790000)]
  0x000000001f7b9800 JavaThread "ForkJoinPool-1-worker-7" daemon [_thread_blocked, id=3024, stack(0x0000000032590000,0x0000000032690000)]
  0x000000001f7b8800 JavaThread "ForkJoinPool-1-worker-6" daemon [_thread_blocked, id=4896, stack(0x0000000032490000,0x0000000032590000)]
  0x000000001f7b6800 JavaThread "ForkJoinPool-1-worker-5" daemon [_thread_blocked, id=4708, stack(0x0000000032390000,0x0000000032490000)]
  0x000000001f7bd000 JavaThread "ForkJoinPool-1-worker-4" daemon [_thread_blocked, id=2460, stack(0x0000000032100000,0x0000000032200000)]
  0x000000001f7bc800 JavaThread "ForkJoinPool-1-worker-3" daemon [_thread_blocked, id=16940, stack(0x0000000032000000,0x0000000032100000)]
  0x000000001f7b7000 JavaThread "ForkJoinPool-1-worker-2" daemon [_thread_blocked, id=18344, stack(0x0000000030ec0000,0x0000000030fc0000)]
  0x000000001f7b8000 JavaThread "ForkJoinPool-1-worker-1" daemon [_thread_blocked, id=6688, stack(0x0000000030dc0000,0x0000000030ec0000)]
  0x000000002cf39800 JavaThread "WorkerExecutor Queue Thread 9" [_thread_blocked, id=13348, stack(0x0000000030cc0000,0x0000000030dc0000)]
  0x000000002cf3a800 JavaThread "WorkerExecutor Queue Thread 8" [_thread_blocked, id=16972, stack(0x000000002de20000,0x000000002df20000)]
  0x000000002a2fd800 JavaThread "WorkerExecutor Queue Thread 7" [_thread_blocked, id=14092, stack(0x000000002ea20000,0x000000002eb20000)]
  0x000000002a2fe000 JavaThread "WorkerExecutor Queue Thread 6" [_thread_blocked, id=12336, stack(0x000000002e120000,0x000000002e220000)]
  0x000000002a2fa800 JavaThread "WorkerExecutor Queue Thread 5" [_thread_in_Java, id=14508, stack(0x000000002e020000,0x000000002e120000)]
  0x000000002a2fc000 JavaThread "WorkerExecutor Queue Thread 4" [_thread_blocked, id=8140, stack(0x000000002df20000,0x000000002e020000)]
  0x000000002a2f2000 JavaThread "ForkJoinPool.commonPool-worker-3" daemon [_thread_blocked, id=11288, stack(0x000000002dd20000,0x000000002de20000)]
  0x000000002a2f9000 JavaThread "ForkJoinPool.commonPool-worker-2" daemon [_thread_blocked, id=15588, stack(0x000000002dc20000,0x000000002dd20000)]
  0x000000002a2f8000 JavaThread "ForkJoinPool.commonPool-worker-1" daemon [_thread_blocked, id=4376, stack(0x000000002db20000,0x000000002dc20000)]
  0x000000002a2f6800 JavaThread "WorkerExecutor Queue Thread 2" [_thread_blocked, id=18408, stack(0x000000002d820000,0x000000002d920000)]
  0x000000002a2f3800 JavaThread "WorkerExecutor Queue" [_thread_blocked, id=5580, stack(0x000000002c320000,0x000000002c420000)]
  0x000000002a2f5000 JavaThread "Cache worker for Java compile cache (C:\Users\filip\AndroidStudioProjects\Camera\.gradle\6.5\javaCompile)" [_thread_blocked, id=18416, stack(0x000000002c020000,0x000000002c120000)]
  0x000000002a2f0000 JavaThread "Cache worker for Java compile cache (C:\Users\filip\.gradle\caches\6.5\javaCompile)" [_thread_blocked, id=1572, stack(0x000000002bf20000,0x000000002c020000)]
  0x000000002a2f4800 JavaThread "Cache worker for execution history cache (C:\Users\filip\AndroidStudioProjects\Camera\.gradle\6.5\executionHistory)" [_thread_blocked, id=9596, stack(0x000000002ba20000,0x000000002bb20000)]
  0x000000001f49d000 JavaThread "Execution worker for ':' Thread 7" [_thread_blocked, id=17916, stack(0x000000002b920000,0x000000002ba20000)]
  0x000000001f49c800 JavaThread "Execution worker for ':' Thread 6" [_thread_blocked, id=4488, stack(0x000000002b720000,0x000000002b820000)]
  0x000000001f49b800 JavaThread "Execution worker for ':' Thread 5" [_thread_blocked, id=14388, stack(0x000000002b620000,0x000000002b720000)]
  0x000000001f49b000 JavaThread "Execution worker for ':' Thread 4" [_thread_blocked, id=17432, stack(0x000000002b520000,0x000000002b620000)]
  0x000000001f493800 JavaThread "Execution worker for ':' Thread 3" [_thread_blocked, id=2292, stack(0x000000002b420000,0x000000002b520000)]
  0x000000001f49a000 JavaThread "Execution worker for ':' Thread 2" [_thread_blocked, id=16716, stack(0x000000002b320000,0x000000002b420000)]
  0x000000001f498800 JavaThread "Execution worker for ':'" [_thread_blocked, id=16724, stack(0x000000002b220000,0x000000002b320000)]
  0x000000001f497000 JavaThread "Cache worker for file content cache (C:\Users\filip\AndroidStudioProjects\Camera\.gradle\6.5\fileContent)" [_thread_blocked, id=7976, stack(0x000000002ad20000,0x000000002ae20000)]
  0x000000001f496800 JavaThread "Memory manager" [_thread_blocked, id=16224, stack(0x000000002ac20000,0x000000002ad20000)]
  0x000000001f498000 JavaThread "Cache worker for Build Output Cleanup Cache (C:\Users\filip\AndroidStudioProjects\Camera\.gradle\buildOutputCleanup)" [_thread_blocked, id=16496, stack(0x0000000028b50000,0x0000000028c50000)]
  0x000000001f492000 JavaThread "jar transforms Thread 92" [_thread_blocked, id=9448, stack(0x0000000028850000,0x0000000028950000)]
  0x000000001f494000 JavaThread "jar transforms Thread 91" [_thread_blocked, id=17384, stack(0x0000000028750000,0x0000000028850000)]
  0x000000001f48f000 JavaThread "jar transforms Thread 90" [_thread_blocked, id=14832, stack(0x0000000028650000,0x0000000028750000)]
  0x000000001f495800 JavaThread "jar transforms Thread 89" [_thread_blocked, id=14544, stack(0x0000000028550000,0x0000000028650000)]
  0x000000001f491000 JavaThread "jar transforms Thread 88" [_thread_blocked, id=2692, stack(0x0000000028450000,0x0000000028550000)]
  0x000000001f48e000 JavaThread "jar transforms Thread 87" [_thread_blocked, id=3148, stack(0x0000000028350000,0x0000000028450000)]
  0x000000001f495000 JavaThread "jar transforms Thread 86" [_thread_blocked, id=5664, stack(0x0000000028250000,0x0000000028350000)]
  0x000000001f490800 JavaThread "jar transforms Thread 85" [_thread_blocked, id=6412, stack(0x0000000028150000,0x0000000028250000)]
  0x000000001f492800 JavaThread "jar transforms Thread 84" [_thread_blocked, id=12396, stack(0x0000000028050000,0x0000000028150000)]
  0x000000001f48f800 JavaThread "jar transforms Thread 83" [_thread_blocked, id=13772, stack(0x0000000027f50000,0x0000000028050000)]
  0x000000001d157800 JavaThread "jar transforms Thread 82" [_thread_blocked, id=13352, stack(0x0000000027e50000,0x0000000027f50000)]
  0x000000001d156800 JavaThread "jar transforms Thread 81" [_thread_blocked, id=3940, stack(0x0000000027d50000,0x0000000027e50000)]
  0x000000001d156000 JavaThread "jar transforms Thread 80" [_thread_blocked, id=4468, stack(0x0000000027c50000,0x0000000027d50000)]
  0x000000001d154800 JavaThread "jar transforms Thread 79" [_thread_blocked, id=8480, stack(0x0000000027b50000,0x0000000027c50000)]
  0x000000001d155000 JavaThread "jar transforms Thread 78" [_thread_blocked, id=10192, stack(0x0000000027a50000,0x0000000027b50000)]
  0x000000001d153800 JavaThread "jar transforms Thread 77" [_thread_blocked, id=3480, stack(0x0000000027950000,0x0000000027a50000)]
  0x000000001d151800 JavaThread "jar transforms Thread 76" [_thread_blocked, id=11036, stack(0x0000000027850000,0x0000000027950000)]
  0x000000001d158000 JavaThread "jar transforms Thread 75" [_thread_blocked, id=13940, stack(0x0000000027750000,0x0000000027850000)]
  0x000000001d153000 JavaThread "jar transforms Thread 74" [_thread_blocked, id=4560, stack(0x0000000027650000,0x0000000027750000)]
  0x000000001d152000 JavaThread "jar transforms Thread 73" [_thread_blocked, id=17752, stack(0x0000000027550000,0x0000000027650000)]
  0x000000001d14a000 JavaThread "jar transforms Thread 72" [_thread_blocked, id=8588, stack(0x0000000027450000,0x0000000027550000)]
  0x000000001d14c000 JavaThread "jar transforms Thread 71" [_thread_blocked, id=9476, stack(0x0000000027350000,0x0000000027450000)]
  0x000000001d150800 JavaThread "jar transforms Thread 70" [_thread_blocked, id=17344, stack(0x0000000027250000,0x0000000027350000)]
  0x000000001d14d800 JavaThread "jar transforms Thread 69" [_thread_blocked, id=4056, stack(0x0000000027150000,0x0000000027250000)]
  0x000000001d14b800 JavaThread "jar transforms Thread 68" [_thread_blocked, id=4824, stack(0x0000000027050000,0x0000000027150000)]
  0x000000001d14a800 JavaThread "jar transforms Thread 67" [_thread_blocked, id=15604, stack(0x0000000026f50000,0x0000000027050000)]
  0x000000001d150000 JavaThread "jar transforms Thread 66" [_thread_blocked, id=16912, stack(0x0000000026e50000,0x0000000026f50000)]
  0x000000001d14f000 JavaThread "jar transforms Thread 65" [_thread_blocked, id=17360, stack(0x0000000026d50000,0x0000000026e50000)]
  0x000000001d14d000 JavaThread "jar transforms Thread 64" [_thread_blocked, id=2708, stack(0x0000000026c50000,0x0000000026d50000)]
  0x000000001d14e800 JavaThread "jar transforms Thread 63" [_thread_blocked, id=17756, stack(0x0000000026b50000,0x0000000026c50000)]
  0x000000001d149000 JavaThread "jar transforms Thread 62" [_thread_blocked, id=15260, stack(0x0000000026a50000,0x0000000026b50000)]
  0x000000001fe72800 JavaThread "jar transforms Thread 61" [_thread_blocked, id=7724, stack(0x0000000026950000,0x0000000026a50000)]
  0x000000001fe71800 JavaThread "jar transforms Thread 60" [_thread_blocked, id=4472, stack(0x0000000026850000,0x0000000026950000)]
  0x000000001fe71000 JavaThread "jar transforms Thread 59" [_thread_blocked, id=3912, stack(0x0000000026750000,0x0000000026850000)]
  0x000000001fe74800 JavaThread "jar transforms Thread 58" [_thread_blocked, id=9668, stack(0x0000000026650000,0x0000000026750000)]
  0x000000001fe73000 JavaThread "jar transforms Thread 57" [_thread_blocked, id=4744, stack(0x0000000026550000,0x0000000026650000)]
  0x000000001fe74000 JavaThread "jar transforms Thread 56" [_thread_blocked, id=7628, stack(0x0000000026450000,0x0000000026550000)]
  0x000000001fe70000 JavaThread "jar transforms Thread 55" [_thread_blocked, id=3916, stack(0x0000000026350000,0x0000000026450000)]
  0x000000001fe68800 JavaThread "jar transforms Thread 54" [_thread_blocked, id=9816, stack(0x0000000026250000,0x0000000026350000)]
  0x000000001fe6f800 JavaThread "jar transforms Thread 53" [_thread_blocked, id=12784, stack(0x0000000026150000,0x0000000026250000)]
  0x000000001fe6e800 JavaThread "jar transforms Thread 52" [_thread_blocked, id=752, stack(0x0000000026050000,0x0000000026150000)]
  0x000000001fe68000 JavaThread "jar transforms Thread 51" [_thread_blocked, id=2984, stack(0x0000000025f50000,0x0000000026050000)]
  0x000000001fe67000 JavaThread "jar transforms Thread 50" [_thread_blocked, id=14112, stack(0x0000000025e50000,0x0000000025f50000)]
  0x000000001fe6b000 JavaThread "jar transforms Thread 49" [_thread_blocked, id=10036, stack(0x0000000025d50000,0x0000000025e50000)]
  0x000000001fe6e000 JavaThread "jar transforms Thread 48" [_thread_blocked, id=6592, stack(0x0000000025c50000,0x0000000025d50000)]
  0x000000001fe6a000 JavaThread "jar transforms Thread 47" [_thread_blocked, id=11560, stack(0x0000000025b50000,0x0000000025c50000)]
  0x000000001fe69800 JavaThread "jar transforms Thread 46" [_thread_blocked, id=4900, stack(0x0000000025a50000,0x0000000025b50000)]
  0x000000001fe6d000 JavaThread "jar transforms Thread 45" [_thread_blocked, id=2688, stack(0x0000000025950000,0x0000000025a50000)]
  0x000000001fe6c800 JavaThread "jar transforms Thread 44" [_thread_blocked, id=17200, stack(0x0000000025850000,0x0000000025950000)]
  0x000000001fe66800 JavaThread "jar transforms Thread 43" [_thread_blocked, id=932, stack(0x0000000025750000,0x0000000025850000)]
  0x000000001fe6b800 JavaThread "jar transforms Thread 42" [_thread_blocked, id=16432, stack(0x0000000025650000,0x0000000025750000)]
  0x000000001fe65800 JavaThread "jar transforms Thread 41" [_thread_blocked, id=17088, stack(0x0000000025550000,0x0000000025650000)]
  0x000000001b1e5800 JavaThread "jar transforms Thread 40" [_thread_blocked, id=11708, stack(0x0000000025450000,0x0000000025550000)]
  0x000000001b1e5000 JavaThread "jar transforms Thread 39" [_thread_blocked, id=9348, stack(0x0000000025350000,0x0000000025450000)]
  0x000000001b1e4000 JavaThread "jar transforms Thread 38" [_thread_blocked, id=2260, stack(0x0000000025250000,0x0000000025350000)]
  0x000000001b1e7000 JavaThread "jar transforms Thread 37" [_thread_blocked, id=10000, stack(0x0000000025150000,0x0000000025250000)]
  0x000000001b1e3800 JavaThread "jar transforms Thread 36" [_thread_blocked, id=11596, stack(0x0000000025050000,0x0000000025150000)]
  0x000000001b1e6800 JavaThread "jar transforms Thread 35" [_thread_blocked, id=18048, stack(0x0000000024f50000,0x0000000025050000)]
  0x000000001b1dc000 JavaThread "jar transforms Thread 34" [_thread_blocked, id=1116, stack(0x0000000024e50000,0x0000000024f50000)]
  0x000000001b1e2000 JavaThread "jar transforms Thread 33" [_thread_blocked, id=10440, stack(0x0000000024d50000,0x0000000024e50000)]
  0x000000001b1e2800 JavaThread "jar transforms Thread 32" [_thread_blocked, id=16272, stack(0x0000000024c50000,0x0000000024d50000)]
  0x000000001b1e1000 JavaThread "jar transforms Thread 31" [_thread_blocked, id=11180, stack(0x0000000024b50000,0x0000000024c50000)]
  0x000000001b1df800 JavaThread "jar transforms Thread 30" [_thread_blocked, id=14288, stack(0x0000000024a50000,0x0000000024b50000)]
  0x000000001b1df000 JavaThread "jar transforms Thread 29" [_thread_blocked, id=17952, stack(0x0000000024950000,0x0000000024a50000)]
  0x000000001b1e0800 JavaThread "jar transforms Thread 28" [_thread_blocked, id=17988, stack(0x0000000024850000,0x0000000024950000)]
  0x000000001b1de000 JavaThread "jar transforms Thread 27" [_thread_blocked, id=11632, stack(0x0000000024750000,0x0000000024850000)]
  0x000000001b1dd800 JavaThread "jar transforms Thread 26" [_thread_blocked, id=16540, stack(0x0000000024650000,0x0000000024750000)]
  0x000000001b1d8000 JavaThread "jar transforms Thread 25" [_thread_blocked, id=17324, stack(0x0000000024550000,0x0000000024650000)]
  0x000000001b1d9800 JavaThread "jar transforms Thread 24" [_thread_blocked, id=8736, stack(0x0000000024450000,0x0000000024550000)]
  0x000000001b1db000 JavaThread "jar transforms Thread 23" [_thread_blocked, id=14552, stack(0x0000000024350000,0x0000000024450000)]
  0x000000001b1da800 JavaThread "jar transforms Thread 22" [_thread_blocked, id=11492, stack(0x0000000024250000,0x0000000024350000)]
  0x000000001b1d9000 JavaThread "jar transforms Thread 21" [_thread_blocked, id=2956, stack(0x0000000024150000,0x0000000024250000)]
  0x000000001b1dc800 JavaThread "jar transforms Thread 20" [_thread_blocked, id=3968, stack(0x0000000024050000,0x0000000024150000)]
  0x000000001b5b4800 JavaThread "jar transforms Thread 19" [_thread_blocked, id=15488, stack(0x0000000023f50000,0x0000000024050000)]
  0x000000001b5bb000 JavaThread "jar transforms Thread 18" [_thread_blocked, id=14872, stack(0x0000000023e50000,0x0000000023f50000)]
  0x000000001b5b8000 JavaThread "jar transforms Thread 17" [_thread_blocked, id=5084, stack(0x0000000023d50000,0x0000000023e50000)]
  0x000000001b5ba800 JavaThread "jar transforms Thread 16" [_thread_blocked, id=4104, stack(0x0000000023c50000,0x0000000023d50000)]
  0x000000001b5b9000 JavaThread "jar transforms Thread 15" [_thread_blocked, id=9592, stack(0x0000000023b50000,0x0000000023c50000)]
  0x000000001b5b9800 JavaThread "jar transforms Thread 14" [_thread_blocked, id=14180, stack(0x0000000023a50000,0x0000000023b50000)]
  0x000000001b5b6000 JavaThread "jar transforms Thread 13" [_thread_blocked, id=12556, stack(0x0000000023950000,0x0000000023a50000)]
  0x000000001b5b6800 JavaThread "jar transforms Thread 12" [_thread_blocked, id=3864, stack(0x0000000023850000,0x0000000023950000)]
  0x000000001b5b5000 JavaThread "jar transforms Thread 11" [_thread_blocked, id=6280, stack(0x0000000023750000,0x0000000023850000)]
  0x000000001b5b7800 JavaThread "jar transforms Thread 10" [_thread_blocked, id=2504, stack(0x0000000023650000,0x0000000023750000)]
  0x000000001cf73000 JavaThread "jar transforms Thread 9" [_thread_blocked, id=15024, stack(0x0000000023550000,0x0000000023650000)]
  0x000000001cf70000 JavaThread "jar transforms Thread 8" [_thread_blocked, id=16548, stack(0x0000000023450000,0x0000000023550000)]
  0x000000001cf72800 JavaThread "jar transforms Thread 7" [_thread_blocked, id=7892, stack(0x0000000023350000,0x0000000023450000)]
  0x000000001cf71000 JavaThread "jar transforms Thread 6" [_thread_blocked, id=4616, stack(0x0000000023250000,0x0000000023350000)]
  0x000000001cf77000 JavaThread "jar transforms Thread 5" [_thread_blocked, id=16508, stack(0x0000000023150000,0x0000000023250000)]
  0x000000001cf71800 JavaThread "jar transforms Thread 4" [_thread_blocked, id=18204, stack(0x0000000023050000,0x0000000023150000)]
  0x000000001cf74800 JavaThread "jar transforms Thread 3" [_thread_blocked, id=14372, stack(0x0000000022f50000,0x0000000023050000)]
  0x000000001cf6f800 JavaThread "jar transforms Thread 2" [_thread_blocked, id=8240, stack(0x0000000022e50000,0x0000000022f50000)]
  0x000000001cf76000 JavaThread "Build operations Thread 8" [_thread_blocked, id=16568, stack(0x0000000022d50000,0x0000000022e50000)]
  0x000000001cf74000 JavaThread "Build operations Thread 7" [_thread_blocked, id=1904, stack(0x0000000022c50000,0x0000000022d50000)]
  0x000000001cf75800 JavaThread "Build operations Thread 6" [_thread_blocked, id=17108, stack(0x0000000022b50000,0x0000000022c50000)]
  0x000000001cf68000 JavaThread "Build operations Thread 5" [_thread_blocked, id=11108, stack(0x0000000022a50000,0x0000000022b50000)]
  0x000000001cf6e000 JavaThread "Build operations Thread 4" [_thread_blocked, id=15068, stack(0x0000000022950000,0x0000000022a50000)]
  0x000000001cf6b000 JavaThread "Build operations Thread 3" [_thread_blocked, id=15392, stack(0x0000000022850000,0x0000000022950000)]
  0x000000001cf6e800 JavaThread "Build operations Thread 2" [_thread_blocked, id=16756, stack(0x0000000022750000,0x0000000022850000)]
  0x000000001cf6d000 JavaThread "Build operations" [_thread_blocked, id=11432, stack(0x0000000022650000,0x0000000022750000)]
  0x0000000019cdc000 JavaThread "Cache worker for file content cache (C:\Users\filip\.gradle\caches\6.5\fileContent)" [_thread_blocked, id=16704, stack(0x0000000021f50000,0x0000000022050000)]
  0x0000000019cdb800 JavaThread "jar transforms" [_thread_blocked, id=17184, stack(0x0000000021e50000,0x0000000021f50000)]
  0x0000000019cd9000 JavaThread "Cache worker for execution history cache (C:\Users\filip\.gradle\caches\6.5\executionHistory)" [_thread_blocked, id=8820, stack(0x0000000021750000,0x0000000021850000)]
  0x0000000019cd8800 JavaThread "Cache worker for cache directory md-rule (C:\Users\filip\.gradle\caches\6.5\md-rule)" [_thread_blocked, id=17588, stack(0x0000000021650000,0x0000000021750000)]
  0x0000000019cd5800 JavaThread "Cache worker for cache directory md-supplier (C:\Users\filip\.gradle\caches\6.5\md-supplier)" [_thread_blocked, id=17544, stack(0x0000000021550000,0x0000000021650000)]
  0x0000000019cd7800 JavaThread "Cache worker for checksums cache (C:\Users\filip\AndroidStudioProjects\Camera\.gradle\checksums)" [_thread_blocked, id=17160, stack(0x0000000021450000,0x0000000021550000)]
  0x0000000019cd6000 JavaThread "Cache worker for file hash cache (C:\Users\filip\AndroidStudioProjects\Camera\.gradle\6.5\fileHashes)" [_thread_blocked, id=1948, stack(0x0000000021150000,0x0000000021250000)]
  0x0000000019cda000 JavaThread "Cache worker for file hash cache (C:\Users\filip\.gradle\caches\6.5\fileHashes)" [_thread_blocked, id=9752, stack(0x000000001ecb0000,0x000000001edb0000)]
  0x0000000019cd7000 JavaThread "File lock request listener" [_thread_in_native, id=15168, stack(0x000000001ebb0000,0x000000001ecb0000)]
  0x000000001af9e000 JavaThread "Cache worker for journal cache (C:\Users\filip\.gradle\caches\journal-1)" [_thread_blocked, id=15572, stack(0x000000001eab0000,0x000000001ebb0000)]
  0x000000001c750800 JavaThread "Thread-9" [_thread_blocked, id=13396, stack(0x000000001e7b0000,0x000000001e8b0000)]
  0x000000001af1c800 JavaThread "Stdin handler" [_thread_blocked, id=9800, stack(0x000000001e6b0000,0x000000001e7b0000)]
  0x000000001af19800 JavaThread "Asynchronous log dispatcher for DefaultDaemonConnection: socket connection from /127.0.0.1:54771 to /127.0.0.1:54772" [_thread_blocked, id=5404, stack(0x000000001e5b0000,0x000000001e6b0000)]
  0x000000001c219800 JavaThread "Daemon worker" [_thread_blocked, id=6944, stack(0x000000001e4b0000,0x000000001e5b0000)]
  0x000000001c722000 JavaThread "Cancel handler" [_thread_blocked, id=1892, stack(0x000000001e2b0000,0x000000001e3b0000)]
  0x000000001c715000 JavaThread "Handler for socket connection from /127.0.0.1:54771 to /127.0.0.1:54772" [_thread_in_native, id=17716, stack(0x000000001e1b0000,0x000000001e2b0000)]
  0x000000001c713800 JavaThread "Daemon" [_thread_blocked, id=6492, stack(0x000000001deb0000,0x000000001dfb0000)]
  0x000000001c6a7000 JavaThread "Daemon periodic checks" [_thread_blocked, id=10436, stack(0x000000001ddb0000,0x000000001deb0000)]
  0x000000001c6a5000 JavaThread "Incoming local TCP Connector on port 54771" [_thread_in_native, id=18152, stack(0x000000001db70000,0x000000001dc70000)]
  0x000000001c62f800 JavaThread "Daemon health stats" [_thread_blocked, id=1648, stack(0x000000001d530000,0x000000001d630000)]
  0x0000000019d57800 JavaThread "Service Thread" daemon [_thread_blocked, id=8600, stack(0x000000001a990000,0x000000001aa90000)]
  0x0000000019cda800 JavaThread "C1 CompilerThread3" daemon [_thread_blocked, id=12624, stack(0x000000001a890000,0x000000001a990000)]
=>0x0000000019ccc000 JavaThread "C2 CompilerThread2" daemon [_thread_in_native, id=15500, stack(0x000000001a790000,0x000000001a890000)]
  0x0000000019cc7800 JavaThread "C2 CompilerThread1" daemon [_thread_in_native, id=16260, stack(0x000000001a690000,0x000000001a790000)]
  0x0000000019cc4000 JavaThread "C2 CompilerThread0" daemon [_thread_in_native, id=3980, stack(0x000000001a590000,0x000000001a690000)]
  0x0000000019cc3000 JavaThread "Attach Listener" daemon [_thread_blocked, id=4412, stack(0x000000001a490000,0x000000001a590000)]
  0x0000000019cc0000 JavaThread "Signal Dispatcher" daemon [_thread_blocked, id=4976, stack(0x000000001a390000,0x000000001a490000)]
  0x0000000002dcd800 JavaThread "Finalizer" daemon [_thread_blocked, id=4240, stack(0x000000001a190000,0x000000001a290000)]
  0x0000000002dc7000 JavaThread "Reference Handler" daemon [_thread_blocked, id=17356, stack(0x000000001a090000,0x000000001a190000)]
  0x0000000002cd2800 JavaThread "main" [_thread_blocked, id=8124, stack(0x0000000002b40000,0x0000000002c40000)]

Other Threads:
  0x0000000017ec6800 VMThread [stack: 0x0000000019b90000,0x0000000019c90000] [id=9128]
  0x0000000019d60800 WatcherThread [stack: 0x000000001aa90000,0x000000001ab90000] [id=11644]

VM state:not at safepoint (normal execution)

VM Mutex/Monitor currently owned by a thread: None

heap address: 0x0000000080000000, size: 2048 MB, Compressed Oops mode: 32-bit
Narrow klass base: 0x0000000000000000, Narrow klass shift: 3
Compressed class space size: 1073741824 Address: 0x0000000100000000

Heap:
 PSYoungGen      total 322560K, used 12378K [0x00000000d5580000, 0x00000000eb980000, 0x0000000100000000)
  eden space 293376K, 1% used [0x00000000d5580000,0x00000000d5a213a8,0x00000000e7400000)
  from space 29184K, 26% used [0x00000000e8f00000,0x00000000e9675610,0x00000000eab80000)
  to   space 27648K, 0% used [0x00000000e7400000,0x00000000e7400000,0x00000000e8f00000)
 ParOldGen       total 91648K, used 91164K [0x0000000080000000, 0x0000000085980000, 0x00000000d5580000)
  object space 91648K, 99% used [0x0000000080000000,0x00000000859070f8,0x0000000085980000)
 Metaspace       used 84247K, capacity 88624K, committed 90008K, reserved 1126400K
  class space    used 11369K, capacity 12136K, committed 12464K, reserved 1048576K

Card table byte_map: [0x0000000012220000,0x0000000012630000] byte_map_base: 0x0000000011e20000

Marking Bits: (ParMarkBitMap*) 0x00000000732af030
 Begin Bits: [0x00000000130e0000, 0x00000000150e0000)
 End Bits:   [0x00000000150e0000, 0x00000000170e0000)

Polling page: 0x0000000001300000

CodeCache: size=245760Kb used=39904Kb max_used=40415Kb free=205856Kb
 bounds [0x0000000002e60000, 0x0000000005610000, 0x0000000011e60000]
 total_blobs=13306 nmethods=12467 adapters=750
 compilation: enabled

Compilation events (10 events):
Event: 23.288 Thread 0x0000000019cc4000 nmethod 14186 0x0000000003ade510 code [0x0000000003ade700, 0x0000000003adef50]
Event: 23.290 Thread 0x0000000019cc4000 14105 %     4       com.android.tools.r8.dex.n::m @ 64 (2044 bytes)
Event: 23.305 Thread 0x0000000019cda800 14519       2       com.android.tools.r8.code.c::a (1 bytes)
Event: 23.305 Thread 0x0000000019cda800 nmethod 14519 0x0000000003988d50 code [0x0000000003988ea0, 0x0000000003988ff0]
Event: 23.307 Thread 0x0000000019cda800 14520       1       com.android.tools.r8.code.d2::a (1 bytes)
Event: 23.307 Thread 0x0000000019cda800 nmethod 14520 0x0000000003aa7990 code [0x0000000003aa7ae0, 0x0000000003aa7bf0]
Event: 23.316 Thread 0x0000000019cda800 14522       2       com.android.tools.r8.graph.l0$o::collectIndexedItems (40 bytes)
Event: 23.317 Thread 0x0000000019cda800 nmethod 14522 0x00000000030b8710 code [0x00000000030b88a0, 0x00000000030b8ae8]
Event: 23.349 Thread 0x0000000019cda800 14524       2       com.android.tools.r8.code.A0::a (1 bytes)
Event: 23.350 Thread 0x0000000019cda800 nmethod 14524 0x0000000003dc0c10 code [0x0000000003dc0d60, 0x0000000003dc0eb0]

GC Heap History (10 events):
Event: 15.342 GC heap before
{Heap before GC invocations=18 (full 3):
 PSYoungGen      total 252928K, used 252651K [0x00000000d5580000, 0x00000000e7700000, 0x0000000100000000)
  eden space 236032K, 100% used [0x00000000d5580000,0x00000000e3c00000,0x00000000e3c00000)
  from space 16896K, 98% used [0x00000000e6680000,0x00000000e76baf38,0x00000000e7700000)
  to   space 22016K, 0% used [0x00000000e4c00000,0x00000000e4c00000,0x00000000e6180000)
 ParOldGen       total 91648K, used 30721K [0x0000000080000000, 0x0000000085980000, 0x00000000d5580000)
  object space 91648K, 33% used [0x0000000080000000,0x0000000081e00540,0x0000000085980000)
 Metaspace       used 77958K, capacity 82224K, committed 82456K, reserved 1120256K
  class space    used 10760K, capacity 11556K, committed 11568K, reserved 1048576K
Event: 15.385 GC heap after
Heap after GC invocations=18 (full 3):
 PSYoungGen      total 274432K, used 22009K [0x00000000d5580000, 0x00000000eab80000, 0x0000000100000000)
  eden space 252416K, 0% used [0x00000000d5580000,0x00000000d5580000,0x00000000e4c00000)
  from space 22016K, 99% used [0x00000000e4c00000,0x00000000e617e628,0x00000000e6180000)
  to   space 29184K, 0% used [0x00000000e8f00000,0x00000000e8f00000,0x00000000eab80000)
 ParOldGen       total 91648K, used 41217K [0x0000000080000000, 0x0000000085980000, 0x00000000d5580000)
  object space 91648K, 44% used [0x0000000080000000,0x00000000828404f0,0x0000000085980000)
 Metaspace       used 77958K, capacity 82224K, committed 82456K, reserved 1120256K
  class space    used 10760K, capacity 11556K, committed 11568K, reserved 1048576K
}
Event: 18.054 GC heap before
{Heap before GC invocations=19 (full 3):
 PSYoungGen      total 274432K, used 274425K [0x00000000d5580000, 0x00000000eab80000, 0x0000000100000000)
  eden space 252416K, 100% used [0x00000000d5580000,0x00000000e4c00000,0x00000000e4c00000)
  from space 22016K, 99% used [0x00000000e4c00000,0x00000000e617e628,0x00000000e6180000)
  to   space 29184K, 0% used [0x00000000e8f00000,0x00000000e8f00000,0x00000000eab80000)
 ParOldGen       total 91648K, used 41217K [0x0000000080000000, 0x0000000085980000, 0x00000000d5580000)
  object space 91648K, 44% used [0x0000000080000000,0x00000000828404f0,0x0000000085980000)
 Metaspace       used 83249K, capacity 88198K, committed 88600K, reserved 1126400K
  class space    used 11399K, capacity 12237K, committed 12336K, reserved 1048576K
Event: 18.092 GC heap after
Heap after GC invocations=19 (full 3):
 PSYoungGen      total 322560K, used 11611K [0x00000000d5580000, 0x00000000eb980000, 0x0000000100000000)
  eden space 293376K, 0% used [0x00000000d5580000,0x00000000d5580000,0x00000000e7400000)
  from space 29184K, 39% used [0x00000000e8f00000,0x00000000e9a56eb0,0x00000000eab80000)
  to   space 27648K, 0% used [0x00000000e7400000,0x00000000e7400000,0x00000000e8f00000)
 ParOldGen       total 91648K, used 60714K [0x0000000080000000, 0x0000000085980000, 0x00000000d5580000)
  object space 91648K, 66% used [0x0000000080000000,0x0000000083b4abf8,0x0000000085980000)
 Metaspace       used 83249K, capacity 88198K, committed 88600K, reserved 1126400K
  class space    used 11399K, capacity 12237K, committed 12336K, reserved 1048576K
}
Event: 19.802 GC heap before
{Heap before GC invocations=20 (full 3):
 PSYoungGen      total 322560K, used 304987K [0x00000000d5580000, 0x00000000eb980000, 0x0000000100000000)
  eden space 293376K, 100% used [0x00000000d5580000,0x00000000e7400000,0x00000000e7400000)
  from space 29184K, 39% used [0x00000000e8f00000,0x00000000e9a56eb0,0x00000000eab80000)
  to   space 27648K, 0% used [0x00000000e7400000,0x00000000e7400000,0x00000000e8f00000)
 ParOldGen       total 91648K, used 60714K [0x0000000080000000, 0x0000000085980000, 0x00000000d5580000)
  object space 91648K, 66% used [0x0000000080000000,0x0000000083b4abf8,0x0000000085980000)
 Metaspace       used 83725K, capacity 88646K, committed 88856K, reserved 1126400K
  class space    used 11420K, capacity 12279K, committed 12336K, reserved 1048576K
Event: 19.817 GC heap after
Heap after GC invocations=20 (full 3):
 PSYoungGen      total 321024K, used 7138K [0x00000000d5580000, 0x00000000eb980000, 0x0000000100000000)
  eden space 293376K, 0% used [0x00000000d5580000,0x00000000d5580000,0x00000000e7400000)
  from space 27648K, 25% used [0x00000000e7400000,0x00000000e7af8b68,0x00000000e8f00000)
  to   space 29184K, 0% used [0x00000000e8f00000,0x00000000e8f00000,0x00000000eab80000)
 ParOldGen       total 91648K, used 60722K [0x0000000080000000, 0x0000000085980000, 0x00000000d5580000)
  object space 91648K, 66% used [0x0000000080000000,0x0000000083b4cbf8,0x0000000085980000)
 Metaspace       used 83725K, capacity 88646K, committed 88856K, reserved 1126400K
  class space    used 11420K, capacity 12279K, committed 12336K, reserved 1048576K
}
Event: 22.533 GC heap before
{Heap before GC invocations=21 (full 3):
 PSYoungGen      total 321024K, used 300493K [0x00000000d5580000, 0x00000000eb980000, 0x0000000100000000)
  eden space 293376K, 99% used [0x00000000d5580000,0x00000000e73fac18,0x00000000e7400000)
  from space 27648K, 25% used [0x00000000e7400000,0x00000000e7af8b68,0x00000000e8f00000)
  to   space 29184K, 0% used [0x00000000e8f00000,0x00000000e8f00000,0x00000000eab80000)
 ParOldGen       total 91648K, used 60722K [0x0000000080000000, 0x0000000085980000, 0x00000000d5580000)
  object space 91648K, 66% used [0x0000000080000000,0x0000000083b4cbf8,0x0000000085980000)
 Metaspace       used 84605K, capacity 89646K, committed 90008K, reserved 1126400K
  class space    used 11487K, capacity 12343K, committed 12464K, reserved 1048576K
Event: 22.598 GC heap after
Heap after GC invocations=21 (full 3):
 PSYoungGen      total 322560K, used 29158K [0x00000000d5580000, 0x00000000eb980000, 0x0000000100000000)
  eden space 293376K, 0% used [0x00000000d5580000,0x00000000d5580000,0x00000000e7400000)
  from space 29184K, 99% used [0x00000000e8f00000,0x00000000eab79be8,0x00000000eab80000)
  to   space 27648K, 0% used [0x00000000e7400000,0x00000000e7400000,0x00000000e8f00000)
 ParOldGen       total 91648K, used 82633K [0x0000000080000000, 0x0000000085980000, 0x00000000d5580000)
  object space 91648K, 90% used [0x0000000080000000,0x00000000850b2658,0x0000000085980000)
 Metaspace       used 84605K, capacity 89646K, committed 90008K, reserved 1126400K
  class space    used 11487K, capacity 12343K, committed 12464K, reserved 1048576K
}
Event: 22.598 GC heap before
{Heap before GC invocations=22 (full 4):
 PSYoungGen      total 322560K, used 29158K [0x00000000d5580000, 0x00000000eb980000, 0x0000000100000000)
  eden space 293376K, 0% used [0x00000000d5580000,0x00000000d5580000,0x00000000e7400000)
  from space 29184K, 99% used [0x00000000e8f00000,0x00000000eab79be8,0x00000000eab80000)
  to   space 27648K, 0% used [0x00000000e7400000,0x00000000e7400000,0x00000000e8f00000)
 ParOldGen       total 91648K, used 82633K [0x0000000080000000, 0x0000000085980000, 0x00000000d5580000)
  object space 91648K, 90% used [0x0000000080000000,0x00000000850b2658,0x0000000085980000)
 Metaspace       used 84605K, capacity 89646K, committed 90008K, reserved 1126400K
  class space    used 11487K, capacity 12343K, committed 12464K, reserved 1048576K
Event: 23.257 GC heap after
Heap after GC invocations=22 (full 4):
 PSYoungGen      total 322560K, used 7637K [0x00000000d5580000, 0x00000000eb980000, 0x0000000100000000)
  eden space 293376K, 0% used [0x00000000d5580000,0x00000000d5580000,0x00000000e7400000)
  from space 29184K, 26% used [0x00000000e8f00000,0x00000000e9675610,0x00000000eab80000)
  to   space 27648K, 0% used [0x00000000e7400000,0x00000000e7400000,0x00000000e8f00000)
 ParOldGen       total 91648K, used 91164K [0x0000000080000000, 0x0000000085980000, 0x00000000d5580000)
  object space 91648K, 99% used [0x0000000080000000,0x00000000859070f8,0x0000000085980000)
 Metaspace       used 84247K, capacity 88624K, committed 90008K, reserved 1126400K
  class space    used 11369K, capacity 12136K, committed 12464K, reserved 1048576K
}

Deoptimization events (10 events):
Event: 21.083 Thread 0x000000001f49c800 Uncommon trap: reason=unstable_if action=reinterpret pc=0x0000000004a6a608 method=com.android.tools.r8.graph.i0.b(Lcom/android/tools/r8/graph/i0;)I @ 60
Event: 21.165 Thread 0x000000001f49c800 Uncommon trap: reason=unstable_if action=reinterpret pc=0x0000000004b3a8e0 method=com.android.tools.r8.dex.m.c(I)V @ 8
Event: 21.233 Thread 0x000000001f49c800 Uncommon trap: reason=unstable_if action=reinterpret pc=0x000000000383c9d4 method=java.lang.AbstractStringBuilder.append(I)Ljava/lang/AbstractStringBuilder; @ 16
Event: 21.368 Thread 0x000000002a2fa800 Uncommon trap: reason=unstable_if action=reinterpret pc=0x00000000049bc254 method=java.nio.Bits.copyToArray(JLjava/lang/Object;JJJ)V @ 19
Event: 21.549 Thread 0x000000002cf39000 Uncommon trap: reason=unstable_if action=reinterpret pc=0x00000000037ea7fc method=java.util.Arrays.hashCode([Ljava/lang/Object;)I @ 1
Event: 21.549 Thread 0x000000001f7ba000 Uncommon trap: reason=unstable_if action=reinterpret pc=0x00000000037ea7fc method=java.util.Arrays.hashCode([Ljava/lang/Object;)I @ 1
Event: 21.549 Thread 0x000000001f7bb000 Uncommon trap: reason=unstable_if action=reinterpret pc=0x00000000037ea7fc method=java.util.Arrays.hashCode([Ljava/lang/Object;)I @ 1
Event: 21.613 Thread 0x000000002a2fa800 Uncommon trap: reason=unstable_if action=reinterpret pc=0x000000000353a1e8 method=java.util.concurrent.ConcurrentHashMap.putVal(Ljava/lang/Object;Ljava/lang/Object;Z)Ljava/lang/Object; @ 195
Event: 22.009 Thread 0x000000001f7bd000 Uncommon trap: reason=unstable_if action=reinterpret pc=0x0000000004ce1040 method=com.android.tools.r8.graph.g0.computeEquals(Ljava/lang/Object;)Z @ 37
Event: 23.257 Thread 0x0000000002dc7000 Uncommon trap: reason=unstable_if action=reinterpret pc=0x0000000002f993fc method=java.lang.ref.Reference.tryHandlePending(Z)Z @ 20

Classes redefined (0 events):
No events

Internal exceptions (10 events):
Event: 16.346 Thread 0x000000001f49c800 Exception <a 'sun/nio/fs/WindowsException'> (0x00000000d9a931f8) thrown at [C:\src\AOSP-openjdk-git\hotspot\src\share\vm\prims\jni.cpp, line 710]
Event: 19.443 Thread 0x000000001cf6e000 Exception <a 'sun/nio/fs/WindowsException'> (0x00000000e4bc2f80) thrown at [C:\src\AOSP-openjdk-git\hotspot\src\share\vm\prims\jni.cpp, line 710]
Event: 21.203 Thread 0x000000001f49c800 Exception <a 'sun/nio/fs/WindowsException'> (0x00000000dd025388) thrown at [C:\src\AOSP-openjdk-git\hotspot\src\share\vm\prims\jni.cpp, line 710]
Event: 21.235 Thread 0x000000001f49c800 Exception <a 'java/lang/NoSuchMethodError': <clinit>> (0x00000000dd2d92f8) thrown at [C:\src\AOSP-openjdk-git\hotspot\src\share\vm\prims\jni.cpp, line 1615]
Event: 21.358 Thread 0x000000002a2f6800 Exception <a 'sun/nio/fs/WindowsException'> (0x00000000dda18558) thrown at [C:\src\AOSP-openjdk-git\hotspot\src\share\vm\prims\jni.cpp, line 710]
Event: 21.544 Thread 0x000000002a2fa800 Exception <a 'sun/nio/fs/WindowsException'> (0x00000000deb80ca0) thrown at [C:\src\AOSP-openjdk-git\hotspot\src\share\vm\prims\jni.cpp, line 710]
Event: 21.549 Thread 0x000000002cf39000 Implicit null exception at 0x00000000037ea6ef to 0x00000000037ea7ed
Event: 21.549 Thread 0x000000001f7bb000 Implicit null exception at 0x00000000037ea6ef to 0x00000000037ea7ed
Event: 21.549 Thread 0x000000001f7ba000 Implicit null exception at 0x00000000037ea6ef to 0x00000000037ea7ed
Event: 21.919 Thread 0x000000002a2f9800 Exception <a 'sun/nio/fs/WindowsException'> (0x00000000e1c8f960) thrown at [C:\src\AOSP-openjdk-git\hotspot\src\share\vm\prims\jni.cpp, line 710]

Events (10 events):
Event: 23.350 Thread 0x0000000019cda800 flushing nmethod 0x00000000045ecdd0
Event: 23.350 Thread 0x0000000019cda800 flushing nmethod 0x0000000004607810
Event: 23.350 Thread 0x0000000019cda800 flushing nmethod 0x000000000460ab50
Event: 23.351 Thread 0x0000000019cda800 flushing nmethod 0x00000000046261d0
Event: 23.351 Thread 0x0000000019cda800 flushing nmethod 0x0000000004627c50
Event: 23.351 Thread 0x0000000019cda800 flushing nmethod 0x00000000046380d0
Event: 23.351 Thread 0x0000000019cda800 flushing nmethod 0x000000000463f090
Event: 23.351 Thread 0x0000000019cda800 flushing nmethod 0x0000000004675e10
Event: 23.351 Thread 0x0000000019cda800 flushing nmethod 0x000000000467df10
Event: 23.351 Thread 0x0000000019cda800 flushing nmethod 0x000000000469c5d0


Dynamic libraries:
0x00007ff7a8510000 - 0x00007ff7a8541000 	C:\Program Files\Android\Android Studio1\jre\bin\java.exe
0x00007ffb0b350000 - 0x00007ffb0b545000 	C:\WINDOWS\SYSTEM32\ntdll.dll
0x00007ffb0a880000 - 0x00007ffb0a93d000 	C:\WINDOWS\System32\KERNEL32.DLL
0x00007ffb08cf0000 - 0x00007ffb08fb8000 	C:\WINDOWS\System32\KERNELBASE.dll
0x00007ffb0a490000 - 0x00007ffb0a53c000 	C:\WINDOWS\System32\ADVAPI32.dll
0x00007ffb094b0000 - 0x00007ffb0954e000 	C:\WINDOWS\System32\msvcrt.dll
0x00007ffb09570000 - 0x00007ffb0960b000 	C:\WINDOWS\System32\sechost.dll
0x00007ffb0a360000 - 0x00007ffb0a48b000 	C:\WINDOWS\System32\RPCRT4.dll
0x00007ffb09c00000 - 0x00007ffb09da0000 	C:\WINDOWS\System32\USER32.dll
0x00007ffb08a90000 - 0x00007ffb08ab2000 	C:\WINDOWS\System32\win32u.dll
0x00007ffb0a850000 - 0x00007ffb0a87a000 	C:\WINDOWS\System32\GDI32.dll
0x00007ffb090c0000 - 0x00007ffb091cb000 	C:\WINDOWS\System32\gdi32full.dll
0x00007ffb08fc0000 - 0x00007ffb0905d000 	C:\WINDOWS\System32\msvcp_win.dll
0x00007ffb092b0000 - 0x00007ffb093b0000 	C:\WINDOWS\System32\ucrtbase.dll
0x00007ffaf7890000 - 0x00007ffaf7b2a000 	C:\WINDOWS\WinSxS\amd64_microsoft.windows.common-controls_6595b64144ccf1df_6.0.19041.844_none_ca00b6081b84eb1d\COMCTL32.dll
0x00007ffb0b2e0000 - 0x00007ffb0b310000 	C:\WINDOWS\System32\IMM32.DLL
0x0000000074620000 - 0x00000000746f2000 	C:\Program Files\Android\Android Studio1\jre\jre\bin\msvcr100.dll
0x0000000072ae0000 - 0x000000007332b000 	C:\Program Files\Android\Android Studio1\jre\jre\bin\server\jvm.dll
0x00007ffb0a940000 - 0x00007ffb0a948000 	C:\WINDOWS\System32\PSAPI.DLL
0x00007ffaf2e50000 - 0x00007ffaf2e59000 	C:\WINDOWS\SYSTEM32\WSOCK32.dll
0x00007ffaff7d0000 - 0x00007ffaff7da000 	C:\WINDOWS\SYSTEM32\VERSION.dll
0x00007ffb09da0000 - 0x00007ffb09e0b000 	C:\WINDOWS\System32\WS2_32.dll
0x00007ffafe720000 - 0x00007ffafe747000 	C:\WINDOWS\SYSTEM32\WINMM.dll
0x00007ffaf6580000 - 0x00007ffaf658f000 	C:\Program Files\Android\Android Studio1\jre\jre\bin\verify.dll
0x00007ffaf63d0000 - 0x00007ffaf63f9000 	C:\Program Files\Android\Android Studio1\jre\jre\bin\java.dll
0x00007ffaf5280000 - 0x00007ffaf5296000 	C:\Program Files\Android\Android Studio1\jre\jre\bin\zip.dll
0x00007ffb0a950000 - 0x00007ffb0b092000 	C:\WINDOWS\System32\SHELL32.dll
0x00007ffb06b50000 - 0x00007ffb072e0000 	C:\WINDOWS\SYSTEM32\windows.storage.dll
0x00007ffb09e10000 - 0x00007ffb0a165000 	C:\WINDOWS\System32\combase.dll
0x00007ffb08430000 - 0x00007ffb0845c000 	C:\WINDOWS\SYSTEM32\Wldp.dll
0x00007ffb0a250000 - 0x00007ffb0a2fe000 	C:\WINDOWS\System32\SHCORE.dll
0x00007ffb0a300000 - 0x00007ffb0a355000 	C:\WINDOWS\System32\shlwapi.dll
0x00007ffb089d0000 - 0x00007ffb089ef000 	C:\WINDOWS\SYSTEM32\profapi.dll
0x00007ffaf3b40000 - 0x00007ffaf3b5a000 	C:\Program Files\Android\Android Studio1\jre\jre\bin\net.dll
0x00007ffb08210000 - 0x00007ffb0827a000 	C:\WINDOWS\system32\mswsock.dll
0x00007ffaf3b20000 - 0x00007ffaf3b33000 	C:\Program Files\Android\Android Studio1\jre\jre\bin\nio.dll
0x00007ffaf6710000 - 0x00007ffaf6737000 	C:\Users\filip\.gradle\native\f6784746aeab05261644944871eae4fe03e0ef1612fff0a4a95f87b438bc6780\windows-amd64\native-platform.dll
0x00007ffaf6570000 - 0x00007ffaf657d000 	C:\Program Files\Android\Android Studio1\jre\jre\bin\management.dll
0x00007ffb08470000 - 0x00007ffb08488000 	C:\WINDOWS\SYSTEM32\CRYPTSP.dll
0x00007ffb07b60000 - 0x00007ffb07b94000 	C:\WINDOWS\system32\rsaenh.dll
0x00007ffb09280000 - 0x00007ffb092a7000 	C:\WINDOWS\System32\bcrypt.dll
0x00007ffb08950000 - 0x00007ffb0897e000 	C:\WINDOWS\SYSTEM32\USERENV.dll
0x00007ffb08c20000 - 0x00007ffb08ca0000 	C:\WINDOWS\System32\bcryptprimitives.dll
0x00007ffb08390000 - 0x00007ffb0839c000 	C:\WINDOWS\SYSTEM32\CRYPTBASE.dll
0x00007ffb07ed0000 - 0x00007ffb07f0b000 	C:\WINDOWS\SYSTEM32\IPHLPAPI.DLL
0x00007ffb094a0000 - 0x00007ffb094a8000 	C:\WINDOWS\System32\NSI.dll
0x00007ffafeba0000 - 0x00007ffafebb7000 	C:\WINDOWS\SYSTEM32\dhcpcsvc6.DLL
0x00007ffafeb30000 - 0x00007ffafeb4d000 	C:\WINDOWS\SYSTEM32\dhcpcsvc.DLL
0x00007ffb07f10000 - 0x00007ffb07fdc000 	C:\WINDOWS\SYSTEM32\DNSAPI.dll
0x00007ffaff770000 - 0x00007ffaff77b000 	C:\WINDOWS\SYSTEM32\WINNSI.DLL

VM Arguments:
jvm_args: -Xmx2048m -Dfile.encoding=UTF-8 -Duser.country=US -Duser.language=en -Duser.variant 
java_command: org.gradle.launcher.daemon.bootstrap.GradleDaemon 6.5
java_class_path (initial): C:\Users\filip\.gradle\wrapper\dists\gradle-6.5-bin\6nifqtx7604sqp1q6g8wikw7p\gradle-6.5\lib\gradle-launcher-6.5.jar
Launcher Type: SUN_STANDARD

Environment Variables:
JAVA_HOME=C:\Program Files\Java\jdk-15.0.2
PATH=C:\Program Files\Common Files\Oracle\Java\javapath;C:\Windows\system32;C:\Windows;C:\Windows\System32\Wbem;C:\Windows\System32\WindowsPowerShell\v1.0\;C:\Windows\System32\OpenSSH\;C:\Program Files (x86)\NVIDIA Corporation\PhysX\Common;C:\Program Files\NVIDIA Corporation\NVIDIA NvDLISR;C:\Program Files (x86)\Gpg4win\..\GnuPG\bin;C:\MinGW\bin;C:\Program Files (x86)\Vim\vim82;C:\Program Files (x86)\Microsoft SQL Server\Client SDK\ODBC\110\Tools\Binn\;C:\Program Files (x86)\Microsoft SQL Server\120\Tools\Binn\;C:\Program Files (x86)\Microsoft SQL Server\120\DTS\Binn\;C:\Program Files (x86)\Common Files\Siemens\;C:\Program Files (x86)\Common Files\Siemens\Interfaces;C:\Program Files (x86)\Common Files\Siemens\ACE\Interfaces;C:\WINDOWS\system32\config\systemprofile\.dnx\bin;C:\Program Files\Microsoft DNX\Dnvm\;C:\Program Files\Microsoft SQL Server\130\Tools\Binn\;C:\WINDOWS\system32;C:\WINDOWS;C:\WINDOWS\System32\Wbem;C:\WINDOWS\System32\WindowsPowerShell\v1.0\;C:\WINDOWS\System32\OpenSSH\;C:\Program Files\dotnet\;C:\Program Files\Java\jdk-15.0.2\bin;D:\Program Files\nodejs\;C:\ProgramData\chocolatey\bin;C:\Program Files\Git\cmd;C:\Program Files\MySQL\MySQL Shell 8.0\bin\;C:\Users\filip\AppData\Local\Microsoft\WindowsApps;;C:\Program Files\JetBrains\PyCharm Community Edition 2020.2.3\bin;;C:\Users\filip\.dotnet\tools;D:\Program Files\JetBrains\PhpStorm 2020.3.2\bin;;C:\Users\filip\AppData\Roaming\npm;D:\Program Files\JetBrains\WebStorm 2020.3.3\bin;;D:\Users\filip\AppData\Local\Programs\Microsoft VS Code\bin
USERNAME=filip
OS=Windows_NT
PROCESSOR_IDENTIFIER=AMD64 Family 23 Model 24 Stepping 1, AuthenticAMD



---------------  S Y S T E M  ---------------

OS: Windows 10.0 , 64 bit Build 19041 (10.0.19041.928)

CPU:total 8 (initial active 8) (8 cores per cpu, 1 threads per core) family 23 model 24 stepping 1, cmov, cx8, fxsr, mmx, sse, sse2, sse3, ssse3, sse4.1, sse4.2, popcnt, avx, avx2, aes, clmul, mmxext, 3dnowpref, lzcnt, sse4a, tsc, tscinvbit, tscinv, bmi1

Memory: 4k page, physical 6223540k(777056k free), swap 10700396k(5228k free)

vm_info: OpenJDK 64-Bit Server VM (25.242-b01) for windows-amd64 JRE (1.8.0_242-release-1644-b01), built by "builder" with MS VC++ 10.0 (VS2010)

time: Sun Jun 06 13:24:25 2021
timezone: Central Europe Daylight Time
elapsed time: 23 seconds (0d 0h 0m 23s)

